2025-07-07 20:46:19,727 [Worker-1: Loading available Gradle versions] INFO  o.e.b.c.i.u.g.PublishedGradleVersions - Gradle version information cache is not available. Remote download required.
2025-07-07 20:47:01,555 [Worker-116: Building] INFO  o.e.m.c.i.l.LifecycleMappingFactory - Using org.eclipse.m2e.jdt.JarLifecycleMapping lifecycle mapping for MavenProject: ec.edu.espe:ms-eureka-server:0.0.1-SNAPSHOT @ C:\Users\raul2\OneDrive\Escritorio\7o Semestre\distrbuidas\P2\examen2\ms-eureka-server\pom.xml.
2025-07-07 20:47:02,973 [Worker-116: Building] INFO  o.a.m.s.f.DefaultMavenResourcesFiltering - Copying 1 resource from src\main\resources to target\classes
2025-07-07 20:47:03,052 [Worker-116: Building] INFO  o.a.m.s.f.DefaultMavenResourcesFiltering - Copying 0 resource from src\main\resources to target\classes
2025-07-07 20:47:03,058 [Worker-116: Building] INFO  o.a.m.s.f.DefaultMavenResourcesFiltering - skip non existing resourceDirectory C:\Users\raul2\OneDrive\Escritorio\7o Semestre\distrbuidas\P2\examen2\ms-eureka-server\src\test\resources
2025-07-07 20:47:03,116 [Worker-178: Updating Maven Dependencies] INFO  o.e.m.c.i.l.LifecycleMappingFactory - Using org.eclipse.m2e.jdt.JarLifecycleMapping lifecycle mapping for MavenProject: ec.edu.espe:ms-eureka-server:0.0.1-SNAPSHOT @ C:\Users\raul2\OneDrive\Escritorio\7o Semestre\distrbuidas\P2\examen2\ms-eureka-server\pom.xml.
2025-07-07 20:47:04,420 [Worker-1: Building] INFO  o.a.m.s.f.DefaultMavenResourcesFiltering - Copying 1 resource from src\main\resources to target\classes
2025-07-07 20:47:04,421 [Worker-1: Building] INFO  o.a.m.s.f.DefaultMavenResourcesFiltering - Copying 0 resource from src\main\resources to target\classes
2025-07-07 20:47:04,424 [Worker-1: Building] INFO  o.a.m.s.f.DefaultMavenResourcesFiltering - skip non existing resourceDirectory C:\Users\raul2\OneDrive\Escritorio\7o Semestre\distrbuidas\P2\examen2\ms-eureka-server\src\test\resources
2025-07-07 20:47:17,398 [Worker-196: Building] INFO  o.e.m.c.i.l.LifecycleMappingFactory - Using org.maven.ide.eclipse.wtp.WarLifecycleMapping lifecycle mapping for MavenProject: espe.edu.ec:sensor-reading:0.0.1-SNAPSHOT @ C:\Users\raul2\OneDrive\Escritorio\7o Semestre\distrbuidas\P2\examen2\sensor-reading\pom.xml.
2025-07-07 20:47:18,847 [Worker-196: Building] INFO  o.a.m.s.f.DefaultMavenResourcesFiltering - Copying 1 resource from src\main\resources to target\classes
2025-07-07 20:47:18,860 [Worker-196: Building] INFO  o.a.m.s.f.DefaultMavenResourcesFiltering - Copying 0 resource from src\main\resources to target\classes
2025-07-07 20:47:18,864 [Worker-196: Building] INFO  o.a.m.s.f.DefaultMavenResourcesFiltering - skip non existing resourceDirectory C:\Users\raul2\OneDrive\Escritorio\7o Semestre\distrbuidas\P2\examen2\sensor-reading\src\test\resources
2025-07-07 20:47:19,240 [Worker-224: Building] INFO  o.a.m.s.f.DefaultMavenResourcesFiltering - Copying 1 resource from src\main\resources to target\classes
2025-07-07 20:47:19,241 [Worker-224: Building] INFO  o.a.m.s.f.DefaultMavenResourcesFiltering - Copying 0 resource from src\main\resources to target\classes
2025-07-07 20:47:19,243 [Worker-224: Building] INFO  o.a.m.s.f.DefaultMavenResourcesFiltering - skip non existing resourceDirectory C:\Users\raul2\OneDrive\Escritorio\7o Semestre\distrbuidas\P2\examen2\sensor-reading\src\test\resources
2025-07-07 20:47:19,509 [Worker-223: Updating Maven Dependencies] INFO  o.e.m.c.i.l.LifecycleMappingFactory - Using org.maven.ide.eclipse.wtp.WarLifecycleMapping lifecycle mapping for MavenProject: espe.edu.ec:sensor-reading:0.0.1-SNAPSHOT @ C:\Users\raul2\OneDrive\Escritorio\7o Semestre\distrbuidas\P2\examen2\sensor-reading\pom.xml.
2025-07-07 20:47:37,982 [Worker-186: Building] INFO  o.e.m.c.i.l.LifecycleMappingFactory - Using org.maven.ide.eclipse.wtp.WarLifecycleMapping lifecycle mapping for MavenProject: espe.edu.ec:environmental-analyzer:0.0.1-SNAPSHOT @ C:\Users\raul2\OneDrive\Escritorio\7o Semestre\distrbuidas\P2\examen2\environmental-analyzer\pom.xml.
2025-07-07 20:47:38,651 [Worker-186: Building] INFO  o.a.m.s.f.DefaultMavenResourcesFiltering - Copying 1 resource from src\main\resources to target\classes
2025-07-07 20:47:38,690 [Worker-186: Building] INFO  o.a.m.s.f.DefaultMavenResourcesFiltering - Copying 0 resource from src\main\resources to target\classes
2025-07-07 20:47:38,695 [Worker-186: Building] INFO  o.a.m.s.f.DefaultMavenResourcesFiltering - skip non existing resourceDirectory C:\Users\raul2\OneDrive\Escritorio\7o Semestre\distrbuidas\P2\examen2\environmental-analyzer\src\test\resources
2025-07-07 20:47:39,110 [Worker-97: Building] INFO  o.a.m.s.f.DefaultMavenResourcesFiltering - Copying 1 resource from src\main\resources to target\classes
2025-07-07 20:47:39,112 [Worker-97: Building] INFO  o.a.m.s.f.DefaultMavenResourcesFiltering - Copying 0 resource from src\main\resources to target\classes
2025-07-07 20:47:39,113 [Worker-97: Building] INFO  o.a.m.s.f.DefaultMavenResourcesFiltering - skip non existing resourceDirectory C:\Users\raul2\OneDrive\Escritorio\7o Semestre\distrbuidas\P2\examen2\environmental-analyzer\src\test\resources
2025-07-07 20:47:39,115 [Worker-97: Building] INFO  o.e.m.w.i.f.ResourceFilteringBuildParticipant - Changed resources require a complete clean of filtered resources of environmental-analyzer
2025-07-07 20:47:39,117 [Worker-97: Building] INFO  o.e.m.w.i.f.ResourceFilteringBuildParticipant - Executing resource filtering for environmental-analyzer
2025-07-07 20:47:39,551 [Worker-179: Updating Maven Dependencies] INFO  o.e.m.c.i.l.LifecycleMappingFactory - Using org.maven.ide.eclipse.wtp.WarLifecycleMapping lifecycle mapping for MavenProject: espe.edu.ec:environmental-analyzer:0.0.1-SNAPSHOT @ C:\Users\raul2\OneDrive\Escritorio\7o Semestre\distrbuidas\P2\examen2\environmental-analyzer\pom.xml.
2025-07-07 20:47:58,564 [Worker-178: Building] INFO  o.e.m.c.i.l.LifecycleMappingFactory - Using org.maven.ide.eclipse.wtp.WarLifecycleMapping lifecycle mapping for MavenProject: espe.edu.ec:notifications:0.0.1-SNAPSHOT @ C:\Users\raul2\OneDrive\Escritorio\7o Semestre\distrbuidas\P2\examen2\notifications\pom.xml.
2025-07-07 20:47:59,173 [Worker-178: Building] INFO  o.a.m.s.f.DefaultMavenResourcesFiltering - Copying 1 resource from src\main\resources to target\classes
2025-07-07 20:47:59,183 [Worker-178: Building] INFO  o.a.m.s.f.DefaultMavenResourcesFiltering - Copying 0 resource from src\main\resources to target\classes
2025-07-07 20:47:59,185 [Worker-178: Building] INFO  o.a.m.s.f.DefaultMavenResourcesFiltering - skip non existing resourceDirectory C:\Users\raul2\OneDrive\Escritorio\7o Semestre\distrbuidas\P2\examen2\notifications\src\test\resources
2025-07-07 20:47:59,467 [Worker-156: Building] INFO  o.a.m.s.f.DefaultMavenResourcesFiltering - Copying 1 resource from src\main\resources to target\classes
2025-07-07 20:47:59,468 [Worker-156: Building] INFO  o.a.m.s.f.DefaultMavenResourcesFiltering - Copying 0 resource from src\main\resources to target\classes
2025-07-07 20:47:59,469 [Worker-156: Building] INFO  o.a.m.s.f.DefaultMavenResourcesFiltering - skip non existing resourceDirectory C:\Users\raul2\OneDrive\Escritorio\7o Semestre\distrbuidas\P2\examen2\notifications\src\test\resources
2025-07-07 20:47:59,469 [Worker-156: Building] INFO  o.e.m.w.i.f.ResourceFilteringBuildParticipant - Changed resources require a complete clean of filtered resources of notifications
2025-07-07 20:47:59,469 [Worker-156: Building] INFO  o.e.m.w.i.f.ResourceFilteringBuildParticipant - Executing resource filtering for notifications
2025-07-07 20:48:00,152 [Worker-64: Updating Maven Dependencies] INFO  o.e.m.c.i.l.LifecycleMappingFactory - Using org.maven.ide.eclipse.wtp.WarLifecycleMapping lifecycle mapping for MavenProject: espe.edu.ec:notifications:0.0.1-SNAPSHOT @ C:\Users\raul2\OneDrive\Escritorio\7o Semestre\distrbuidas\P2\examen2\notifications\pom.xml.
2025-07-07 20:48:07,161 [Worker-180: Building] INFO  o.e.m.c.i.l.LifecycleMappingFactory - Using org.eclipse.m2e.jdt.JarLifecycleMapping lifecycle mapping for MavenProject: ec.edu.espe:ms-api-gateway:0.0.1-SNAPSHOT @ C:\Users\raul2\OneDrive\Escritorio\7o Semestre\distrbuidas\P2\examen2\ms-api-gateway\pom.xml.
2025-07-07 20:48:07,753 [Worker-180: Building] INFO  o.a.m.s.f.DefaultMavenResourcesFiltering - Copying 1 resource from src\main\resources to target\classes
2025-07-07 20:48:07,763 [Worker-180: Building] INFO  o.a.m.s.f.DefaultMavenResourcesFiltering - Copying 1 resource from src\main\resources to target\classes
2025-07-07 20:48:07,766 [Worker-180: Building] INFO  o.a.m.s.f.DefaultMavenResourcesFiltering - skip non existing resourceDirectory C:\Users\raul2\OneDrive\Escritorio\7o Semestre\distrbuidas\P2\examen2\ms-api-gateway\src\test\resources
2025-07-07 20:48:08,235 [Worker-179: Building] INFO  o.a.m.s.f.DefaultMavenResourcesFiltering - Copying 1 resource from src\main\resources to target\classes
2025-07-07 20:48:08,237 [Worker-179: Building] INFO  o.a.m.s.f.DefaultMavenResourcesFiltering - Copying 1 resource from src\main\resources to target\classes
2025-07-07 20:48:08,241 [Worker-179: Building] INFO  o.a.m.s.f.DefaultMavenResourcesFiltering - skip non existing resourceDirectory C:\Users\raul2\OneDrive\Escritorio\7o Semestre\distrbuidas\P2\examen2\ms-api-gateway\src\test\resources
2025-07-07 20:48:08,702 [Worker-124: Updating Maven Dependencies] INFO  o.e.m.c.i.l.LifecycleMappingFactory - Using org.eclipse.m2e.jdt.JarLifecycleMapping lifecycle mapping for MavenProject: ec.edu.espe:ms-api-gateway:0.0.1-SNAPSHOT @ C:\Users\raul2\OneDrive\Escritorio\7o Semestre\distrbuidas\P2\examen2\ms-api-gateway\pom.xml.
2025-07-07 20:50:51,685 [Worker-157: Building] INFO  o.a.m.s.f.DefaultMavenResourcesFiltering - Copying 1 resource from src\main\resources to target\classes
2025-07-07 20:50:51,708 [Worker-157: Building] INFO  o.a.m.s.f.DefaultMavenResourcesFiltering - Copying 0 resource from src\main\resources to target\classes
2025-07-07 20:50:51,711 [Worker-157: Building] INFO  o.a.m.s.f.DefaultMavenResourcesFiltering - skip non existing resourceDirectory C:\Users\raul2\OneDrive\Escritorio\7o Semestre\distrbuidas\P2\examen2\ms-api-gateway\src\test\resources
2025-07-07 21:07:02,625 [Worker-179: Building] INFO  o.a.m.s.f.DefaultMavenResourcesFiltering - Copying 1 resource from src\main\resources to target\classes
2025-07-07 21:07:02,652 [Worker-179: Building] INFO  o.a.m.s.f.DefaultMavenResourcesFiltering - Copying 0 resource from src\main\resources to target\classes
2025-07-07 21:07:02,655 [Worker-179: Building] INFO  o.a.m.s.f.DefaultMavenResourcesFiltering - skip non existing resourceDirectory C:\Users\raul2\OneDrive\Escritorio\7o Semestre\distrbuidas\P2\examen2\notifications\src\test\resources
2025-07-07 21:08:39,925 [Worker-201: Building] INFO  o.a.m.s.f.DefaultMavenResourcesFiltering - Copying 1 resource from src\main\resources to target\classes
2025-07-07 21:08:39,929 [Worker-201: Building] INFO  o.a.m.s.f.DefaultMavenResourcesFiltering - Copying 0 resource from src\main\resources to target\classes
2025-07-07 21:08:39,930 [Worker-201: Building] INFO  o.a.m.s.f.DefaultMavenResourcesFiltering - skip non existing resourceDirectory C:\Users\raul2\OneDrive\Escritorio\7o Semestre\distrbuidas\P2\examen2\notifications\src\test\resources
2025-07-07 21:10:43,315 [Worker-173: Building] INFO  o.a.m.s.f.DefaultMavenResourcesFiltering - Copying 1 resource from src\main\resources to target\classes
2025-07-07 21:10:43,318 [Worker-173: Building] INFO  o.a.m.s.f.DefaultMavenResourcesFiltering - Copying 0 resource from src\main\resources to target\classes
2025-07-07 21:10:43,320 [Worker-173: Building] INFO  o.a.m.s.f.DefaultMavenResourcesFiltering - skip non existing resourceDirectory C:\Users\raul2\OneDrive\Escritorio\7o Semestre\distrbuidas\P2\examen2\notifications\src\test\resources
2025-07-07 21:17:00,187 [Worker-201: Building] INFO  o.a.m.s.f.DefaultMavenResourcesFiltering - Copying 1 resource from src\main\resources to target\classes
2025-07-07 21:17:00,192 [Worker-201: Building] INFO  o.a.m.s.f.DefaultMavenResourcesFiltering - Copying 0 resource from src\main\resources to target\classes
2025-07-07 21:17:00,194 [Worker-201: Building] INFO  o.a.m.s.f.DefaultMavenResourcesFiltering - skip non existing resourceDirectory C:\Users\raul2\OneDrive\Escritorio\7o Semestre\distrbuidas\P2\examen2\notifications\src\test\resources
2025-07-07 21:19:27,750 [Worker-156: Building] INFO  o.a.m.s.f.DefaultMavenResourcesFiltering - Copying 1 resource from src\main\resources to target\classes
2025-07-07 21:19:27,753 [Worker-156: Building] INFO  o.a.m.s.f.DefaultMavenResourcesFiltering - Copying 0 resource from src\main\resources to target\classes
2025-07-07 21:19:27,755 [Worker-156: Building] INFO  o.a.m.s.f.DefaultMavenResourcesFiltering - skip non existing resourceDirectory C:\Users\raul2\OneDrive\Escritorio\7o Semestre\distrbuidas\P2\examen2\notifications\src\test\resources
